Drill report for C:\Users\m.santucci\source\repos\Driverino-Shield\Driverino-Shield.kicad_pcb
Created on 11/05/2021 14:33:38

Copper Layer Stackup:
    =============================================================
    L1 :  F.Cu                      front
    L2 :  B.Cu                      back


Drill file 'Driverino-Shield-PTH.drl' contains
    plated through holes:
    =============================================================
    T1  0,30mm  0,012"  (16 holes)
    T2  0,40mm  0,016"  (45 holes)
    T3  0,50mm  0,020"  (8 holes)
    T4  0,65mm  0,026"  (5 holes)
    T5  1,02mm  0,040"  (32 holes)
    T6  1,30mm  0,051"  (5 holes)

    Total plated holes count 111


Drill file 'Driverino-Shield-NPTH.drl' contains
    unplated through holes:
    =============================================================
    T1  3,05mm  0,120"  (4 holes)

    Total unplated holes count 4
